<?xml version="1.0" encoding="UTF-8"?>
<testng-results ignored="0" total="1" passed="1" failed="0" skipped="0">
  <reporter-output>
  </reporter-output>
  <suite started-at="2026-02-01T22:57:20 IST" name="Default suite" finished-at="2026-02-01T22:57:20 IST" duration-ms="110">
    <groups>
    </groups>
    <test started-at="2026-02-01T22:57:20 IST" name="Default test" finished-at="2026-02-01T22:57:20 IST" duration-ms="110">
      <class name="org.tests.TestOne">
        <test-method is-config="true" signature="launch()[pri:0, instance:org.tests.TestOne@2abf4075]" started-at="2026-02-01T22:57:17 IST" name="launch" finished-at="2026-02-01T22:57:20 IST" duration-ms="2528" status="PASS">
          <reporter-output>
          </reporter-output>
        </test-method> <!-- launch -->
        <test-method signature="testName()[pri:0, instance:org.tests.TestOne@2abf4075]" started-at="2026-02-01T22:57:20 IST" name="testName" finished-at="2026-02-01T22:57:20 IST" duration-ms="33" status="PASS">
          <reporter-output>
          </reporter-output>
        </test-method> <!-- testName -->
      </class> <!-- org.tests.TestOne -->
    </test> <!-- Default test -->
  </suite> <!-- Default suite -->
</testng-results>
